Progress Logs
-------------
Sensors With Data in Time Range: 4
Sensors Without Data in Time Range: 0

Sensors Not Found: 0
Invalid Sensor Indexes: 0
Sensor Indexes Encountering Other Errors: 0
Sensor Indexes Not Processed: 0

Start Timestamp: 2024-07-22T00:00:00-06:00
End Timestamp: 2024-12-03T00:00:00-07:00
Average: 0
Fields: humidity,voc,pm1.0_atm,pm2.5_atm,pm10.0_atm
Total Data Rows Downloaded: 301615

Number of Sensors: 4
Number of Read Keys: undefined

Download Started at: 2024-12-03T17:37:19-07:00
Download Ended   at: 2024-12-03T17:38:46-07:00
Download Took: 1.4 minutes

-------------
Sensor Indexes Not Found:


Invalid Sensor Indexes:


Sensors Without Any Data For Specified Time Period:


Sensors Where No Download Was Attempted Yet Due to Process Being Aborted:


Aborted on Sensors:


Sensors With Number of Downloaded Data Rows:
176209 : 81764 data rows
176215 : 44917 data rows
176247 : 85673 data rows
185075 : 89261 data rows
  

-------------
Starting requests for sensor 176247.
Making request 1 from 2024-07-22 to 2024-08-21
Making request 2 from 2024-08-21 to 2024-09-20
Making request 3 from 2024-09-20 to 2024-10-20
Making request 4 from 2024-10-20 to 2024-11-18
Making request 5 from 2024-11-18 to 2024-12-03
Data download completed for sensor 176247. Downloaded 85673 rows of data.

Starting requests for sensor 176209.
Making request 6 from 2024-07-22 to 2024-08-21
Making request 7 from 2024-08-21 to 2024-09-20
Making request 8 from 2024-09-20 to 2024-10-20
Making request 9 from 2024-10-20 to 2024-11-18
Making request 10 from 2024-11-18 to 2024-12-03
Data download completed for sensor 176209. Downloaded 81764 rows of data.

Starting requests for sensor 185075.
Making request 11 from 2024-07-22 to 2024-08-21
Making request 12 from 2024-08-21 to 2024-09-20
Making request 13 from 2024-09-20 to 2024-10-20
Making request 14 from 2024-10-20 to 2024-11-18
Making request 15 from 2024-11-18 to 2024-12-03
Data download completed for sensor 185075. Downloaded 89261 rows of data.

Starting requests for sensor 176215.
Making request 16 from 2024-07-22 to 2024-08-21
Making request 17 from 2024-08-21 to 2024-09-20
Making request 18 from 2024-09-20 to 2024-10-20
Making request 19 from 2024-10-20 to 2024-11-18
Making request 20 from 2024-11-18 to 2024-12-03
Data download completed for sensor 176215. Downloaded 44917 rows of data.


Download request has been completed. Scroll down for a summary:
--------------------------------------
