Progress Logs
-------------
Sensors With Data in Time Range: 4
Sensors Without Data in Time Range: 0

Sensors Not Found: 0
Invalid Sensor Indexes: 0
Sensor Indexes Encountering Other Errors: 0
Sensor Indexes Not Processed: 0

Start Timestamp: 2024-06-21T18:00:00-06:00
End Timestamp: 2024-08-21T18:00:00-06:00
Average: 0
Fields: pm2.5_atm,temperature,humidity,pressure,voc,pm1.0_atm,pm10.0_atm
Total Data Rows Downloaded: 156260

Number of Sensors: 4
Number of Read Keys: 0

Download Started at: 2024-08-22T10:16:32-06:00
Download Ended   at: 2024-08-22T10:17:28-06:00
Download Took: 57 seconds

-------------
Sensor Indexes Not Found:


Invalid Sensor Indexes:


Sensors Without Any Data For Specified Time Period:


Sensors Where No Download Was Attempted Yet Due to Process Being Aborted:


Aborted on Sensors:


Sensors With Number of Downloaded Data Rows:
176209 : 37725 data rows
176215 : 41462 data rows
176247 : 37333 data rows
185075 : 39740 data rows
  

-------------
Starting requests for sensor 176247.
Making request 1 from 2024-06-21 to 2024-07-21
Making request 2 from 2024-07-21 to 2024-08-20
Making request 3 from 2024-08-20 to 2024-08-21
Data download completed for sensor 176247. Downloaded 37333 rows of data.

Starting requests for sensor 176209.
Making request 4 from 2024-06-21 to 2024-07-21
Making request 5 from 2024-07-21 to 2024-08-20
Making request 6 from 2024-08-20 to 2024-08-21
Data download completed for sensor 176209. Downloaded 37725 rows of data.

Starting requests for sensor 185075.
Making request 7 from 2024-06-21 to 2024-07-21
Making request 8 from 2024-07-21 to 2024-08-20
Making request 9 from 2024-08-20 to 2024-08-21
Data download completed for sensor 185075. Downloaded 39740 rows of data.

Starting requests for sensor 176215.
Making request 10 from 2024-06-21 to 2024-07-21
Making request 11 from 2024-07-21 to 2024-08-20
Making request 12 from 2024-08-20 to 2024-08-21
Data download completed for sensor 176215. Downloaded 41462 rows of data.


Download request has been completed. Scroll down for a summary:
--------------------------------------
